错误事件：SQL语句有误
错误原因：[]
SQL语句：select * from `ejob_siteconfig` where configid = '1'
客户端IP：127.0.0.1
记录时间：2013-08-19 15:18:33

错误事件：SQL语句有误
错误原因：[]
SQL语句：select * from `ejob_siteconfig` where configid = 1
客户端IP：127.0.0.1
记录时间：2013-08-19 15:19:04

错误事件：SQL语句有误
错误原因：[]
SQL语句：select * from `ejob_siteconfig` where configid = 1
客户端IP：127.0.0.1
记录时间：2013-08-19 15:19:05

错误事件：SQL语句有误
错误原因：[]
SQL语句：select * from `ejob_siteconfig` where configid = 1
客户端IP：127.0.0.1
记录时间：2013-08-19 15:19:06

错误事件：SQL语句有误
错误原因：[]
SQL语句：select * from `ejob_siteconfig` where configid = 1
客户端IP：127.0.0.1
记录时间：2013-08-19 15:19:06

错误事件：SQL语句有误
错误原因：[]
SQL语句：select * from `ejob_siteconfig` where configid = 1
客户端IP：127.0.0.1
记录时间：2013-08-19 15:19:07

错误事件：SQL语句有误
错误原因：[]
SQL语句：select * from `ejob_siteconfig` where configid = 1
客户端IP：127.0.0.1
记录时间：2013-08-19 15:19:07

错误事件：SQL语句有误
错误原因：[]
SQL语句：select * from `ejob_siteconfig` where configid = 1
客户端IP：127.0.0.1
记录时间：2013-08-19 15:19:07

错误事件：SQL语句有误
错误原因：[]
SQL语句：select * from `ejob_siteconfig` where configid = 1
客户端IP：127.0.0.1
记录时间：2013-08-19 15:19:07

错误事件：SQL语句有误
错误原因：[]
SQL语句：select * from `ejob_siteconfig` where configid = 1
客户端IP：127.0.0.1
记录时间：2013-08-19 15:19:07

错误事件：SQL语句有误
错误原因：[]
SQL语句：select * from `ejob_siteconfig` where configid = 1
客户端IP：127.0.0.1
记录时间：2013-08-19 15:19:18

错误事件：SQL语句有误
错误原因：[]
SQL语句：select * from `ejob_siteconfig` where configid = 1
客户端IP：127.0.0.1
记录时间：2013-08-19 15:19:18

错误事件：SQL语句有误
错误原因：[]
SQL语句：select * from `ejob_siteconfig` where configid = 1
客户端IP：127.0.0.1
记录时间：2013-08-19 15:19:18

错误事件：SQL语句有误
错误原因：[]
SQL语句：select * from `ejob_siteconfig` where configid = 1
客户端IP：127.0.0.1
记录时间：2013-08-19 15:19:19

错误事件：SQL语句有误
错误原因：[]
SQL语句：select * from `ejob_siteconfig` where configid = 1
客户端IP：127.0.0.1
记录时间：2013-08-19 15:19:24

错误事件：SQL语句有误
错误原因：[]
SQL语句：select * from `ejob_siteconfig` where configid = 1
客户端IP：127.0.0.1
记录时间：2013-08-19 15:19:25

错误事件：SQL语句有误
错误原因：[]
SQL语句：select * from `ejob_siteconfig` where configid = 1
客户端IP：127.0.0.1
记录时间：2013-08-19 15:19:26

错误事件：SQL语句有误
错误原因：[]
SQL语句：select * from `ejob_siteconfig` where configid = 1
客户端IP：127.0.0.1
记录时间：2013-08-19 15:19:27

错误事件：SQL语句有误
错误原因：[]
SQL语句：select * from `ejob_siteconfig` where configid = 1
客户端IP：127.0.0.1
记录时间：2013-08-19 15:19:28

错误事件：SQL语句有误
错误原因：[]
SQL语句：select * from `ejob_siteconfig`
客户端IP：127.0.0.1
记录时间：2013-08-19 15:19:47

错误事件：SQL语句有误
错误原因：[]
SQL语句：select * from `ejob_siteconfig`
客户端IP：127.0.0.1
记录时间：2013-08-19 15:19:48

错误事件：SQL语句有误
错误原因：[]
SQL语句：select * from `ejob_siteconfig`
客户端IP：127.0.0.1
记录时间：2013-08-19 15:19:49

错误事件：SQL语句有误
错误原因：[]
SQL语句：select * from `ejob_siteconfig`
客户端IP：127.0.0.1
记录时间：2013-08-19 15:19:49

错误事件：SQL语句有误
错误原因：[]
SQL语句：select * from `ejob_siteconfig`
客户端IP：127.0.0.1
记录时间：2013-08-19 15:19:49

错误事件：SQL语句有误
错误原因：[]
SQL语句：select * from `ejob_siteconfig`
客户端IP：127.0.0.1
记录时间：2013-08-19 15:19:50

错误事件：SQL语句有误
错误原因：[]
SQL语句：select * from `ejob_siteconfig`
客户端IP：127.0.0.1
记录时间：2013-08-19 15:19:50

错误事件：SQL语句有误
错误原因：[]
SQL语句：select * from `ejob_siteconfig`
客户端IP：127.0.0.1
记录时间：2013-08-19 15:19:50

错误事件：SQL语句有误
错误原因：[]
SQL语句：select * from `ejob_siteconfig`
客户端IP：127.0.0.1
记录时间：2013-08-19 15:19:50

错误事件：SQL语句有误
错误原因：[]
SQL语句：select * from `ejob_siteconfig`
客户端IP：127.0.0.1
记录时间：2013-08-19 15:19:50

错误事件：SQL语句有误
错误原因：[]
SQL语句：select * from `ejob_siteconfig`
客户端IP：127.0.0.1
记录时间：2013-08-19 15:19:51

错误事件：SQL语句有误
错误原因：[]
SQL语句：select * from `ejob_siteconfig`
客户端IP：127.0.0.1
记录时间：2013-08-19 15:19:51

错误事件：SQL语句有误
错误原因：[]
SQL语句：select * from `ejob_siteconfig`
客户端IP：127.0.0.1
记录时间：2013-08-19 15:19:51

错误事件：SQL语句有误
错误原因：[]
SQL语句：select * from `ejob_siteconfig`
客户端IP：127.0.0.1
记录时间：2013-08-19 15:19:51

错误事件：SQL语句有误
错误原因：[]
SQL语句：select * from ejob_siteconfig
客户端IP：127.0.0.1
记录时间：2013-08-19 15:20:15

错误事件：SQL语句有误
错误原因：[]
SQL语句：select * from ejob_siteconfig
客户端IP：127.0.0.1
记录时间：2013-08-19 15:20:16

错误事件：SQL语句有误
错误原因：[]
SQL语句：select * from ejob_siteconfig
客户端IP：127.0.0.1
记录时间：2013-08-19 15:20:16

错误事件：SQL语句有误
错误原因：[]
SQL语句：select * from ejob_siteconfig
客户端IP：127.0.0.1
记录时间：2013-08-19 15:20:40

错误事件：SQL语句有误
错误原因：[]
SQL语句：select * from ejob_siteconfig
客户端IP：127.0.0.1
记录时间：2013-08-19 15:20:41

错误事件：SQL语句有误
错误原因：[]
SQL语句：select * from ejob_siteconfig
客户端IP：127.0.0.1
记录时间：2013-08-19 15:20:41

错误事件：SQL语句有误
错误原因：[]
SQL语句：select * from ejob_siteconfig
客户端IP：127.0.0.1
记录时间：2013-08-19 15:20:41

错误事件：SQL语句有误
错误原因：[]
SQL语句：select * from ejob_siteconfig
客户端IP：127.0.0.1
记录时间：2013-08-19 15:20:41

错误事件：SQL语句有误
错误原因：[]
SQL语句：select * from ejob_siteconfig
客户端IP：127.0.0.1
记录时间：2013-08-19 15:24:56

错误事件：SQL语句有误
错误原因：[]
SQL语句：select * from ejob_siteconfig
客户端IP：127.0.0.1
记录时间：2013-08-19 15:24:57

错误事件：SQL语句有误
错误原因：[]
SQL语句：select * from ejob_siteconfig
客户端IP：127.0.0.1
记录时间：2013-08-19 15:24:57

错误事件：SQL语句有误
错误原因：[]
SQL语句：select * from ejob_siteconfig
客户端IP：127.0.0.1
记录时间：2013-08-19 15:24:58

错误事件：SQL语句有误
错误原因：[]
SQL语句：select * from ejob_siteconfig
客户端IP：127.0.0.1
记录时间：2013-08-19 15:24:58

错误事件：SQL语句有误
错误原因：[]
SQL语句：select * from ejob_siteconfig
客户端IP：127.0.0.1
记录时间：2013-08-19 15:24:58

错误事件：SQL语句有误
错误原因：[]
SQL语句：select * from ejob_siteconfig
客户端IP：127.0.0.1
记录时间：2013-08-19 15:29:23

错误事件：SQL语句有误
错误原因：[]
SQL语句：select * from ejob_siteconfig
客户端IP：127.0.0.1
记录时间：2013-08-19 15:29:24

错误事件：SQL语句有误
错误原因：[]
SQL语句：select * from ejob_siteconfig
客户端IP：127.0.0.1
记录时间：2013-08-19 15:29:24

错误事件：SQL语句有误
错误原因：[]
SQL语句：select * from ejob_siteconfig
客户端IP：127.0.0.1
记录时间：2013-08-19 15:33:19

错误事件：SQL语句有误
错误原因：[]
SQL语句：select * from ejob_siteconfig
客户端IP：127.0.0.1
记录时间：2013-08-19 15:33:20

错误事件：SQL语句有误
错误原因：[]
SQL语句：select * from ejob_siteconfig
客户端IP：127.0.0.1
记录时间：2013-08-19 15:38:35

错误事件：SQL语句有误
错误原因：[]
SQL语句：select * from ejob_siteconfig
客户端IP：127.0.0.1
记录时间：2013-08-19 15:38:36

错误事件：SQL语句有误
错误原因：[]
SQL语句：select * from ejob_siteconfig
客户端IP：127.0.0.1
记录时间：2013-08-19 15:38:37

错误事件：SQL语句有误
错误原因：[]
SQL语句：select * from ejob_siteconfig
客户端IP：127.0.0.1
记录时间：2013-08-19 15:38:37

错误事件：SQL语句有误
错误原因：[]
SQL语句：select * from ejob_siteconfig
客户端IP：127.0.0.1
记录时间：2013-08-19 15:38:37

错误事件：SQL语句有误
错误原因：[]
SQL语句：select * from ejob_siteconfig
客户端IP：127.0.0.1
记录时间：2013-08-19 15:38:53

错误事件：SQL语句有误
错误原因：[]
SQL语句：select * from ejob_siteconfig
客户端IP：127.0.0.1
记录时间：2013-08-19 15:39:51

