错误事件：SQL语句有误
错误原因：[1007]Can't create database 'lzp'; database exists
SQL语句：CREATE DATABASE lzp
客户端IP：127.0.0.1
记录时间：2013-06-06 11:17:48

错误事件：SQL语句有误
错误原因：[1007]Can't create database 'lzp'; database exists
SQL语句：CREATE DATABASE lzp
客户端IP：127.0.0.1
记录时间：2013-06-06 11:21:25

错误事件：SQL语句有误
错误原因：[1007]Can't create database 'lzp'; database exists
SQL语句：CREATE DATABASE lzp
客户端IP：127.0.0.1
记录时间：2013-06-06 11:21:26

错误事件：SQL语句有误
错误原因：[1007]Can't create database 'lzp'; database exists
SQL语句：CREATE DATABASE lzp
客户端IP：127.0.0.1
记录时间：2013-06-06 11:22:27

错误事件：SQL语句有误
错误原因：[1007]Can't create database 'lzp'; database exists
SQL语句：CREATE DATABASE lzp
客户端IP：127.0.0.1
记录时间：2013-06-06 11:22:28

错误事件：SQL语句有误
错误原因：[1007]Can't create database 'lzp'; database exists
SQL语句：CREATE DATABASE lzp
客户端IP：127.0.0.1
记录时间：2013-06-06 11:23:34

错误事件：SQL语句有误
错误原因：[1007]Can't create database 'lzp'; database exists
SQL语句：CREATE DATABASE lzp
客户端IP：127.0.0.1
记录时间：2013-06-06 11:23:36

错误事件：SQL语句有误
错误原因：[1007]Can't create database 'lzp'; database exists
SQL语句：CREATE DATABASE lzp
客户端IP：127.0.0.1
记录时间：2013-06-06 11:23:40

错误事件：SQL语句有误
错误原因：[1007]Can't create database 'lzp'; database exists
SQL语句：CREATE DATABASE lzp
客户端IP：127.0.0.1
记录时间：2013-06-06 11:23:41

错误事件：SQL语句有误
错误原因：[1007]Can't create database 'lzp'; database exists
SQL语句：CREATE DATABASE lzp
客户端IP：127.0.0.1
记录时间：2013-06-06 11:23:41

错误事件：SQL语句有误
错误原因：[1007]Can't create database 'lzp'; database exists
SQL语句：CREATE DATABASE lzp
客户端IP：127.0.0.1
记录时间：2013-06-06 11:24:24

错误事件：SQL语句有误
错误原因：[1007]Can't create database 'lzp'; database exists
SQL语句：CREATE DATABASE lzp
客户端IP：127.0.0.1
记录时间：2013-06-06 11:24:25

错误事件：SQL语句有误
错误原因：[1007]Can't create database 'lzp'; database exists
SQL语句：CREATE DATABASE lzp
客户端IP：127.0.0.1
记录时间：2013-06-06 11:24:26

错误事件：SQL语句有误
错误原因：[1007]Can't create database 'lzp'; database exists
SQL语句：CREATE DATABASE lzp
客户端IP：127.0.0.1
记录时间：2013-06-06 11:24:26

错误事件：SQL语句有误
错误原因：[1007]Can't create database 'lzp'; database exists
SQL语句：CREATE DATABASE lzp
客户端IP：127.0.0.1
记录时间：2013-06-06 11:24:26

错误事件：SQL语句有误
错误原因：[1007]Can't create database 'lzp'; database exists
SQL语句：CREATE DATABASE lzp
客户端IP：127.0.0.1
记录时间：2013-06-06 11:24:26

错误事件：SQL语句有误
错误原因：[1007]Can't create database 'lzp'; database exists
SQL语句：CREATE DATABASE lzp
客户端IP：127.0.0.1
记录时间：2013-06-06 11:24:43

错误事件：SQL语句有误
错误原因：[1007]Can't create database 'lzp'; database exists
SQL语句：CREATE DATABASE lzp
客户端IP：127.0.0.1
记录时间：2013-06-06 11:24:43

错误事件：SQL语句有误
错误原因：[1007]Can't create database 'lzp'; database exists
SQL语句：CREATE DATABASE lzp
客户端IP：127.0.0.1
记录时间：2013-06-06 11:24:43

错误事件：SQL语句有误
错误原因：[1007]Can't create database 'lzp'; database exists
SQL语句：CREATE DATABASE lzp
客户端IP：127.0.0.1
记录时间：2013-06-06 11:24:43

错误事件：SQL语句有误
错误原因：[1007]Can't create database 'lzp'; database exists
SQL语句：CREATE DATABASE lzp
客户端IP：127.0.0.1
记录时间：2013-06-06 11:24:43

错误事件：SQL语句有误
错误原因：[1007]Can't create database 'lzp'; database exists
SQL语句：CREATE DATABASE lzp
客户端IP：127.0.0.1
记录时间：2013-06-06 11:24:43

错误事件：SQL语句为空
错误原因：[0]
客户端IP：127.0.0.1
记录时间：2013-06-06 11:42:54

错误事件：SQL语句为空
错误原因：[0]
客户端IP：127.0.0.1
记录时间：2013-06-06 11:43:37

错误事件：SQL语句为空
错误原因：[0]
客户端IP：127.0.0.1
记录时间：2013-06-06 11:43:37

错误事件：SQL语句为空
错误原因：[0]
客户端IP：127.0.0.1
记录时间：2013-06-06 11:43:37

错误事件：SQL语句为空
错误原因：[0]
客户端IP：127.0.0.1
记录时间：2013-06-06 11:45:05

错误事件：SQL语句为空
错误原因：[0]
客户端IP：127.0.0.1
记录时间：2013-06-06 11:45:05

错误事件：SQL语句为空
错误原因：[0]
客户端IP：127.0.0.1
记录时间：2013-06-06 11:45:06

错误事件：SQL语句为空
错误原因：[0]
客户端IP：127.0.0.1
记录时间：2013-06-06 11:45:06

错误事件：SQL语句为空
错误原因：[0]
客户端IP：127.0.0.1
记录时间：2013-06-06 11:45:06

错误事件：SQL语句为空
错误原因：[0]
客户端IP：127.0.0.1
记录时间：2013-06-06 11:45:06

错误事件：SQL语句为空
错误原因：[0]
客户端IP：127.0.0.1
记录时间：2013-06-06 11:45:07

错误事件：SQL语句为空
错误原因：[0]
客户端IP：127.0.0.1
记录时间：2013-06-06 11:45:07

错误事件：未获取到查询结果
错误原因：[0]
SQL语句：
客户端IP：127.0.0.1
记录时间：2013-06-06 13:44:06

错误事件：未获取到查询结果
错误原因：[0]
SQL语句：
客户端IP：127.0.0.1
记录时间：2013-06-06 13:44:07

错误事件：未获取到查询结果
错误原因：[0]
SQL语句：
客户端IP：127.0.0.1
记录时间：2013-06-06 13:47:33

错误事件：未获取到查询结果
错误原因：[0]
SQL语句：
客户端IP：127.0.0.1
记录时间：2013-06-06 13:47:34

错误事件：未获取到查询结果
错误原因：[0]
SQL语句：
客户端IP：127.0.0.1
记录时间：2013-06-06 13:47:35

错误事件：未获取到查询结果
错误原因：[0]
SQL语句：
客户端IP：127.0.0.1
记录时间：2013-06-06 13:47:36

错误事件：未获取到查询结果
错误原因：[0]
SQL语句：
客户端IP：127.0.0.1
记录时间：2013-06-06 13:47:37

错误事件：未获取到查询结果
错误原因：[0]
SQL语句：
客户端IP：127.0.0.1
记录时间：2013-06-06 13:47:37

错误事件：未获取到查询结果
错误原因：[0]
SQL语句：
客户端IP：127.0.0.1
记录时间：2013-06-06 13:51:44

错误事件：未获取到查询结果
错误原因：[0]
SQL语句：
客户端IP：127.0.0.1
记录时间：2013-06-06 13:51:45

错误事件：未获取到查询结果
错误原因：[0]
SQL语句：
客户端IP：127.0.0.1
记录时间：2013-06-06 13:51:45

